0 info it worked if it ends with ok
1 verbose cli [ 'C:\\Program Files\\nodejs\\node.exe',
1 verbose cli   'C:\\Users\\AndreLorenz\\AppData\\Roaming\\npm\\node_modules\\npm\\bin\\npm-cli.js',
1 verbose cli   'run',
1 verbose cli   'build' ]
2 info using npm@4.1.1
3 info using node@v7.7.3
4 verbose run-script [ 'prebuild', 'build', 'postbuild' ]
5 info lifecycle ecmascript2015-fast-course@1.0.0~prebuild: ecmascript2015-fast-course@1.0.0
6 silly lifecycle ecmascript2015-fast-course@1.0.0~prebuild: no script for prebuild, continuing
7 info lifecycle ecmascript2015-fast-course@1.0.0~build: ecmascript2015-fast-course@1.0.0
8 verbose lifecycle ecmascript2015-fast-course@1.0.0~build: unsafe-perm in lifecycle true
9 verbose lifecycle ecmascript2015-fast-course@1.0.0~build: PATH: C:\Users\AndreLorenz\AppData\Roaming\npm\node_modules\npm\bin\node-gyp-bin;C:\Projects\Learning\es6\node_modules\.bin;C:\CMDer\bin;C:\CMDer\vendor\git-for-windows\cmd;C:\CMDer\vendor\conemu-maximus5\ConEmu\Scripts;C:\CMDer\vendor\conemu-maximus5;C:\CMDer\vendor\conemu-maximus5\ConEmu;C:\Windows\system32;C:\Windows;C:\Windows\System32\Wbem;C:\Windows\System32\WindowsPowerShell\v1.0\;C:\Program Files (x86)\NVIDIA Corporation\PhysX\Common;C:\Users\AndreLorenz\AppData\Local\Android\sdk\platform-tools;C:\Users\AndreLorenz\AppData\Local\Android\sdk\tools;C:\Program Files\Java\jdk1.8.0_101\\bin;C:\Program Files\gradle-3.2.1\bin;C:\Program Files (x86)\GtkSharp\2.12\bin;C:\Program Files\nodejs\;C:\Users\AndreLorenz\AppData\Local\Microsoft\WindowsApps;C:\Users\AndreLorenz\AppData\Local\atom\bin;C:\Users\AndreLorenz\AppData\Local\Android\sdk\tools;C:\Users\AndreLorenz\AppData\Local\Android\sdk\platform-tools;C:\Program Files (x86)\Microsoft VS Code\bin;C:\Users\AndreLorenz\AppData\Roaming\npm;C:\CMDer\vendor\git-for-windows\usr\bin;C:\CMDer\vendor\git-for-windows\usr\share\vim\vim74;C:\CMDer\
10 verbose lifecycle ecmascript2015-fast-course@1.0.0~build: CWD: C:\Projects\Learning\es6
11 silly lifecycle ecmascript2015-fast-course@1.0.0~build: Args: [ '/d /s /c', 'NODE_ENVe=development webpack' ]
12 silly lifecycle ecmascript2015-fast-course@1.0.0~build: Returned: code: 1  signal: null
13 info lifecycle ecmascript2015-fast-course@1.0.0~build: Failed to exec build script
14 verbose stack Error: ecmascript2015-fast-course@1.0.0 build: `NODE_ENVe=development webpack`
14 verbose stack Exit status 1
14 verbose stack     at EventEmitter.<anonymous> (C:\Users\AndreLorenz\AppData\Roaming\npm\node_modules\npm\lib\utils\lifecycle.js:279:16)
14 verbose stack     at emitTwo (events.js:106:13)
14 verbose stack     at EventEmitter.emit (events.js:194:7)
14 verbose stack     at ChildProcess.<anonymous> (C:\Users\AndreLorenz\AppData\Roaming\npm\node_modules\npm\lib\utils\spawn.js:40:14)
14 verbose stack     at emitTwo (events.js:106:13)
14 verbose stack     at ChildProcess.emit (events.js:194:7)
14 verbose stack     at maybeClose (internal/child_process.js:899:16)
14 verbose stack     at Process.ChildProcess._handle.onexit (internal/child_process.js:226:5)
15 verbose pkgid ecmascript2015-fast-course@1.0.0
16 verbose cwd C:\Projects\Learning\es6
17 error Windows_NT 10.0.14393
18 error argv "C:\\Program Files\\nodejs\\node.exe" "C:\\Users\\AndreLorenz\\AppData\\Roaming\\npm\\node_modules\\npm\\bin\\npm-cli.js" "run" "build"
19 error node v7.7.3
20 error npm  v4.1.1
21 error code ELIFECYCLE
22 error ecmascript2015-fast-course@1.0.0 build: `NODE_ENVe=development webpack`
22 error Exit status 1
23 error Failed at the ecmascript2015-fast-course@1.0.0 build script 'NODE_ENVe=development webpack'.
23 error Make sure you have the latest version of node.js and npm installed.
23 error If you do, this is most likely a problem with the ecmascript2015-fast-course package,
23 error not with npm itself.
23 error Tell the author that this fails on your system:
23 error     NODE_ENVe=development webpack
23 error You can get information on how to open an issue for this project with:
23 error     npm bugs ecmascript2015-fast-course
23 error Or if that isn't available, you can get their info via:
23 error     npm owner ls ecmascript2015-fast-course
23 error There is likely additional logging output above.
24 verbose exit [ 1, true ]
